0 info it worked if it ends with ok
1 verbose cli [ 'C:\\Program Files\\nodejs\\node.exe',
1 verbose cli   'C:\\Program Files\\nodejs\\node_modules\\npm\\bin\\npm-cli.js',
1 verbose cli   'install',
1 verbose cli   '--global',
1 verbose cli   '--production',
1 verbose cli   '--windows-build-tools' ]
2 info using npm@2.15.9
3 info using node@v4.6.0
4 verbose install initial load of C:\Users\rulon\AppData\Roaming\npm\package.json
5 verbose readDependencies loading dependencies from C:\Users\rulon\AppData\Roaming\npm\package.json
6 silly cache add args [ '.', null ]
7 verbose cache add spec .
8 silly cache add parsed spec Result {
8 silly cache add   raw: '.',
8 silly cache add   scope: null,
8 silly cache add   name: null,
8 silly cache add   rawSpec: '.',
8 silly cache add   spec: 'C:\\Users\\rulon\\Desktop\\programing\\MyBot\\test',
8 silly cache add   type: 'directory' }
9 error addLocal Could not install C:\Users\rulon\Desktop\programing\MyBot\test
10 verbose stack Error: No name provided in package.json
10 verbose stack     at C:\Program Files\nodejs\node_modules\npm\lib\cache\add-local.js:61:17
10 verbose stack     at C:\Program Files\nodejs\node_modules\npm\node_modules\read-package-json\read-json.js:356:5
10 verbose stack     at checkBinReferences_ (C:\Program Files\nodejs\node_modules\npm\node_modules\read-package-json\read-json.js:320:45)
10 verbose stack     at final (C:\Program Files\nodejs\node_modules\npm\node_modules\read-package-json\read-json.js:354:3)
10 verbose stack     at then (C:\Program Files\nodejs\node_modules\npm\node_modules\read-package-json\read-json.js:124:5)
10 verbose stack     at C:\Program Files\nodejs\node_modules\npm\node_modules\read-package-json\read-json.js:311:12
10 verbose stack     at C:\Program Files\nodejs\node_modules\npm\node_modules\graceful-fs\graceful-fs.js:78:16
10 verbose stack     at FSReqWrap.readFileAfterClose [as oncomplete] (fs.js:380:3)
11 verbose cwd C:\Users\rulon\Desktop\programing\MyBot\test
12 error Windows_NT 10.0.14393
13 error argv "C:\\Program Files\\nodejs\\node.exe" "C:\\Program Files\\nodejs\\node_modules\\npm\\bin\\npm-cli.js" "install" "--global" "--production" "--windows-build-tools"
14 error node v4.6.0
15 error npm  v2.15.9
16 error No name provided in package.json
17 error If you need help, you may report this error at:
17 error     <https://github.com/npm/npm/issues>
18 verbose exit [ 1, true ]
